-------------------------------------------------------------------------------
Test set: com.infozen.project.actions.IndexTest
-------------------------------------------------------------------------------
Tests run: 1, Failures: 0, Errors: 1, Skipped: 0, Time elapsed: 0.163 sec <<< FAILURE!
testIndex(com.infozen.project.actions.IndexTest)  Time elapsed: 0.163 sec  <<< ERROR!
Unable to load configuration. - [unknown location]
	at org.apache.struts2.dispatcher.Dispatcher.init(Dispatcher.java:501)
	at org.apache.struts2.util.StrutsTestCaseHelper.initDispatcher(StrutsTestCaseHelper.java:54)
	at org.apache.struts2.StrutsTestCase.initDispatcher(StrutsTestCase.java:229)
	at org.apache.struts2.StrutsTestCase.setUp(StrutsTestCase.java:209)
	at junit.framework.TestCase.runBare(TestCase.java:132)
	at junit.framework.TestResult$1.protect(TestResult.java:110)
	at junit.framework.TestResult.runProtected(TestResult.java:128)
	at junit.framework.TestResult.run(TestResult.java:113)
	at junit.framework.TestCase.run(TestCase.java:124)
	at junit.framework.TestSuite.runTest(TestSuite.java:232)
	at junit.framework.TestSuite.run(TestSuite.java:227)
	at org.junit.internal.runners.JUnit38ClassRunner.run(JUnit38ClassRunner.java:79)
	at org.apache.maven.surefire.junit4.JUnit4Provider.execute(JUnit4Provider.java:252)
	at org.apache.maven.surefire.junit4.JUnit4Provider.executeTestSet(JUnit4Provider.java:141)
	at org.apache.maven.surefire.junit4.JUnit4Provider.invoke(JUnit4Provider.java:112)
	at sun.reflect.NativeMethodAccessorImpl.invoke0(Native Method)
	at sun.reflect.NativeMethodAccessorImpl.invoke(NativeMethodAccessorImpl.java:57)
	at sun.reflect.DelegatingMethodAccessorImpl.invoke(DelegatingMethodAccessorImpl.java:43)
	at java.lang.reflect.Method.invoke(Method.java:606)
	at org.apache.maven.surefire.util.ReflectionUtils.invokeMethodWithArray(ReflectionUtils.java:189)
	at org.apache.maven.surefire.booter.ProviderFactory$ProviderProxy.invoke(ProviderFactory.java:165)
	at org.apache.maven.surefire.booter.ProviderFactory.invokeProvider(ProviderFactory.java:85)
	at org.apache.maven.surefire.booter.ForkedBooter.runSuitesInProcess(ForkedBooter.java:115)
	at org.apache.maven.surefire.booter.ForkedBooter.main(ForkedBooter.java:75)
Caused by: Unable to load configuration. - [unknown location]
	at com.opensymphony.xwork2.config.ConfigurationManager.getConfiguration(ConfigurationManager.java:70)
	at org.apache.struts2.dispatcher.Dispatcher.init_PreloadConfiguration(Dispatcher.java:445)
	at org.apache.struts2.dispatcher.Dispatcher.init(Dispatcher.java:489)
	... 23 more
Caused by: The Result type [json] which is defined in the Result annotation on the class [class com.infozen.project.actions.ProjectsAction] or determined by the file extension or is the default result type for the PackageConfig of the action, could not be found as a result-type defined for the Struts/XWork package [com.infozen.project.actions#convention-default#] - [unknown location]
	at org.apache.struts2.convention.DefaultResultMapBuilder.createResultConfig(DefaultResultMapBuilder.java:450)
	at org.apache.struts2.convention.DefaultResultMapBuilder.createFromAnnotations(DefaultResultMapBuilder.java:422)
	at org.apache.struts2.convention.DefaultResultMapBuilder.createResultsFromAnnotations(DefaultResultMapBuilder.java:224)
	at org.apache.struts2.convention.DefaultResultMapBuilder.build(DefaultResultMapBuilder.java:194)
	at org.apache.struts2.convention.PackageBasedActionConfigBuilder.createActionConfig(PackageBasedActionConfigBuilder.java:933)
	at org.apache.struts2.convention.PackageBasedActionConfigBuilder.buildConfiguration(PackageBasedActionConfigBuilder.java:702)
	at org.apache.struts2.convention.PackageBasedActionConfigBuilder.buildActionConfigs(PackageBasedActionConfigBuilder.java:348)
	at org.apache.struts2.convention.ClasspathPackageProvider.loadPackages(ClasspathPackageProvider.java:53)
	at com.opensymphony.xwork2.config.impl.DefaultConfiguration.reloadContainer(DefaultConfiguration.java:268)
	at com.opensymphony.xwork2.config.ConfigurationManager.getConfiguration(ConfigurationManager.java:67)
	... 25 more

